<?xml version="1.0" encoding="UTF-8"?>
<!-- Generated by org.testng.reporters.JUnitXMLReporter -->
<testsuite ignored="1" hostname="Tushar" failures="0" tests="2" name="Test" time="18.113" errors="0" timestamp="02 Aug 2022 07:11:19 GMT">
  <testcase classname="testclasses.LoginTest" name="testCase1" time="9.432"/>
  <testcase classname="testclasses.DashboardTest" name="verifySearchField" time="8.6"/>
  <testcase classname="testclasses.BaseTest" name="@BeforeSuite launchURL" time="0.0">
    <ignored/>
  </testcase> <!-- @BeforeSuite launchURL -->
</testsuite> <!-- Test -->
